# JRE version: Java(TM) SE Runtime Environment (17.0.6+9) (build 17.0.6+9-LTS-190)
# Java VM: Java HotSpot(TM) 64-Bit Server VM (17.0.6+9-LTS-190, mixed mode, sharing, tiered, compressed oops, compressed class ptrs, g1 gc, windows-amd64)
GC Precious Log:
 CPUs: 8 total, 8 available
 Memory: 7916M
 Large Page Support: Disabled
 NUMA Support: Disabled
 Compressed Oops: Enabled (32-bit)
 Heap Region Size: 1M
 Heap Min Capacity: 256M
 Heap Initial Capacity: 256M
 Heap Max Capacity: 512M
 Pre-touch: Disabled
 Parallel Workers: 8
 Concurrent Workers: 2
 Concurrent Refinement Workers: 8
 Periodic GC: Disabled
Heap:
 garbage-first heap   total 262144K, used 67868K [0x00000000e0000000, 0x0000000100000000)
  region size 1024K, 39 young (39936K), 19 survivors (19456K)
 Metaspace       used 51167K, committed 51712K, reserved 262144K
  class space    used 7172K, committed 7424K, reserved 212992K
GC Heap History (12 events):
Event: 0.959 GC heap before
{Heap before GC invocations=0 (full 0):
 garbage-first heap   total 262144K, used 25600K [0x00000000e0000000, 0x0000000100000000)
  region size 1024K, 23 young (23552K), 0 survivors (0K)
 Metaspace       used 3029K, committed 3200K, reserved 221184K
  class space    used 384K, committed 448K, reserved 212992K
}
Event: 0.967 GC heap after
{Heap after GC invocations=1 (full 0):
 garbage-first heap   total 262144K, used 9323K [0x00000000e0000000, 0x0000000100000000)
  region size 1024K, 3 young (3072K), 3 survivors (3072K)
 Metaspace       used 3029K, committed 3200K, reserved 221184K
  class space    used 384K, committed 448K, reserved 212992K
}
Event: 1.749 GC heap before
{Heap before GC invocations=1 (full 0):
 garbage-first heap   total 262144K, used 36971K [0x00000000e0000000, 0x0000000100000000)
  region size 1024K, 30 young (30720K), 3 survivors (3072K)
 Metaspace       used 3972K, committed 4160K, reserved 221184K
  class space    used 480K, committed 576K, reserved 212992K
}
Event: 1.753 GC heap after
{Heap after GC invocations=2 (full 0):
 garbage-first heap   total 262144K, used 12103K [0x00000000e0000000, 0x0000000100000000)
  region size 1024K, 3 young (3072K), 3 survivors (3072K)
 Metaspace       used 3972K, committed 4160K, reserved 221184K
  class space    used 480K, committed 576K, reserved 212992K
}
Event: 4.672 GC heap before
{Heap before GC invocations=2 (full 0):
 garbage-first heap   total 262144K, used 115527K [0x00000000e0000000, 0x0000000100000000)
  region size 1024K, 105 young (107520K), 3 survivors (3072K)
 Metaspace       used 21221K, committed 21504K, reserved 237568K
  class space    used 3179K, committed 3328K, reserved 212992K
}
Event: 4.682 GC heap after
{Heap after GC invocations=3 (full 0):
 garbage-first heap   total 262144K, used 20671K [0x00000000e0000000, 0x0000000100000000)
  region size 1024K, 12 young (12288K), 12 survivors (12288K)
 Metaspace       used 21221K, committed 21504K, reserved 237568K
  class space    used 3179K, committed 3328K, reserved 212992K
}
Event: 7.003 GC heap before
{Heap before GC invocations=4 (full 0):
 garbage-first heap   total 262144K, used 121023K [0x00000000e0000000, 0x0000000100000000)
  region size 1024K, 108 young (110592K), 12 survivors (12288K)
 Metaspace       used 35539K, committed 35968K, reserved 245760K
  class space    used 4889K, committed 5056K, reserved 212992K
}
Event: 7.020 GC heap after
{Heap after GC invocations=5 (full 0):
 garbage-first heap   total 262144K, used 30100K [0x00000000e0000000, 0x0000000100000000)
  region size 1024K, 10 young (10240K), 10 survivors (10240K)
 Metaspace       used 35539K, committed 35968K, reserved 245760K
  class space    used 4889K, committed 5056K, reserved 212992K
}
Event: 8.675 GC heap before
{Heap before GC invocations=6 (full 0):
 garbage-first heap   total 262144K, used 163220K [0x00000000e0000000, 0x0000000100000000)
  region size 1024K, 140 young (143360K), 10 survivors (10240K)
 Metaspace       used 46177K, committed 46656K, reserved 253952K
  class space    used 6556K, committed 6784K, reserved 212992K
}
Event: 8.694 GC heap after
{Heap after GC invocations=7 (full 0):
 garbage-first heap   total 262144K, used 39463K [0x00000000e0000000, 0x0000000100000000)
  region size 1024K, 18 young (18432K), 18 survivors (18432K)
 Metaspace       used 46177K, committed 46656K, reserved 253952K
  class space    used 6556K, committed 6784K, reserved 212992K
}
Event: 10.696 GC heap before
{Heap before GC invocations=7 (full 0):
 garbage-first heap   total 262144K, used 176679K [0x00000000e0000000, 0x0000000100000000)
  region size 1024K, 153 young (156672K), 18 survivors (18432K)
 Metaspace       used 49935K, committed 50496K, reserved 262144K
  class space    used 6968K, committed 7232K, reserved 212992K
}
Event: 10.719 GC heap after
{Heap after GC invocations=8 (full 0):
 garbage-first heap   total 262144K, used 48412K [0x00000000e0000000, 0x0000000100000000)
  region size 1024K, 19 young (19456K), 19 survivors (19456K)
 Metaspace       used 49935K, committed 50496K, reserved 262144K
  class space    used 6968K, committed 7232K, reserved 212992K
}

